#
# There is insufficient memory for the Java Runtime Environment to continue.
# Native memory allocation (malloc) failed to allocate 32744 bytes. Error detail: Chunk::new
# Possible reasons:
#   The system is out of physical RAM or swap space
#   This process is running with CompressedOops enabled, and the Java Heap may be blocking the growth of the native heap
# Possible solutions:
#   Reduce memory load on the system
#   Increase physical memory or swap space
#   Check if swap backing store is full
#   Decrease Java heap size (-Xmx/-Xms)
#   Decrease number of Java threads
#   Decrease Java thread stack sizes (-Xss)
#   Set larger code cache with -XX:ReservedCodeCacheSize=
#   JVM is running with Unscaled Compressed Oops mode in which the Java heap is
#     placed in the first 4GB address space. The Java Heap base address is the
#     maximum limit for the native heap growth. Please use -XX:HeapBaseMinAddress
#     to set the Java Heap base and to place the Java Heap above 4GB virtual address.
# This output file may be truncated or incomplete.
#
#  Out of Memory Error (arena.cpp:168), pid=23872, tid=15124
#
# JRE version: OpenJDK Runtime Environment Temurin-21.0.11+10 (21.0.11+10) (build 21.0.11+10-LTS)
# Java VM: OpenJDK 64-Bit Server VM Temurin-21.0.11+10 (21.0.11+10-LTS, mixed mode, sharing, tiered, compressed oops, compressed class ptrs, parallel gc, windows-amd64)
# No core dump will be written. Minidumps are not enabled by default on client versions of Windows
#

---------------  S U M M A R Y ------------

Command Line: --add-modules=ALL-SYSTEM --add-opens=java.base/java.util=ALL-UNNAMED --add-opens=java.base/java.lang=ALL-UNNAMED --add-opens=java.base/sun.nio.fs=ALL-UNNAMED -Declipse.application=org.eclipse.jdt.ls.core.id1 -Dosgi.bundles.defaultStartLevel=4 -Declipse.product=org.eclipse.jdt.ls.core.product -Djava.import.generatesMetadataFilesAtProjectRoot=false -DDetectVMInstallationsJob.disabled=true -Dfile.encoding=utf8 -XX:+UseParallelGC -XX:GCTimeRatio=4 -XX:AdaptiveSizePolicyWeight=90 -Dsun.zip.disableMemoryMapping=true -Xmx2G -Xms100m -Xlog:disable -javaagent:c:\Users\josuemorais\.vscode\extensions\redhat.java-1.55.0-win32-x64\lombok\lombok-1.18.39-4050.jar c:\Users\josuemorais\.vscode\extensions\redhat.java-1.55.0-win32-x64\server\plugins\org.eclipse.equinox.launcher_1.7.200.v20260619-2039.jar -configuration c:\Users\josuemorais\AppData\Roaming\Code\User\globalStorage\redhat.java\1.55.0\config_ss_win -data c:\Users\josuemorais\AppData\Roaming\Code\User\workspaceStorage\fe51bd88fe079a47f23f9205c2a0e067\redhat.java\ss_ws --pipe=\\.\pipe\lsp-2b6bd4960d6964c6a96b9804cfd39470-sock

Host: AMD Ryzen 5 PRO 5650G with Radeon Graphics     , 12 cores, 7G,  Windows 11 , 64 bit Build 26100 (10.0.26100.8737)
Time: Tue Jul  7 17:56:42 2026 Hora oficial do Brasil elapsed time: 16.445152 seconds (0d 0h 0m 16s)

---------------  T H R E A D  ---------------

Current thread (0x000001ec00173050):  JavaThread "C1 CompilerThread0" daemon [_thread_in_native, id=15124, stack(0x0000004f23c00000,0x0000004f23d00000) (1024K)]


Current CompileTask:
C1:16546 1821       3       java.net.URLStreamHandler::parseURL (1124 bytes)

Stack: [0x0000004f23c00000,0x0000004f23d00000]
Native frames: (J=compiled Java code, j=interpreted, Vv=VM code, C=native code)
V  [jvm.dll+0x6d7e19]
V  [jvm.dll+0x8b5096]
V  [jvm.dll+0x8b764e]
V  [jvm.dll+0x8b7d33]
V  [jvm.dll+0x284596]
V  [jvm.dll+0xc685d]
V  [jvm.dll+0xc6da1]
V  [jvm.dll+0x14195e]
V  [jvm.dll+0x140c17]
V  [jvm.dll+0x19c45a]
V  [jvm.dll+0x19c8a6]
V  [jvm.dll+0x157515]
V  [jvm.dll+0x156db7]
V  [jvm.dll+0x156fe4]
V  [jvm.dll+0x1563fc]
V  [jvm.dll+0x15818d]
V  [jvm.dll+0x25baad]
V  [jvm.dll+0x25a03a]
V  [jvm.dll+0x3f868e]
V  [jvm.dll+0x85fb0d]
V  [jvm.dll+0x6d664d]
C  [ucrtbase.dll+0x2cd30]
C  [KERNEL32.DLL+0x2e957]
C  [ntdll.dll+0xaad6c]


---------------  P R O C E S S  ---------------

Threads class SMR info:
_java_thread_list=0x000001ec061ee960, length=18, elements={
0x000001ec25214670, 0x000001ec252ce490, 0x000001ec3dc3acc0, 0x000001ec3dc3c250,
0x000001ec3dc3ccb0, 0x000001ec3dc3d710, 0x000001ec3dc3e170, 0x000001ec3dc40fc0,
0x000001ec00173050, 0x000001ec003c6d90, 0x000001ec004628d0, 0x000001ec01616de0,
0x000001ec0126a530, 0x000001ec00279f90, 0x000001ec001ea340, 0x000001ec0609ed70,
0x000001ec06275ba0, 0x000001ec01589f40
}

Java Threads: ( => current thread )
  0x000001ec25214670 JavaThread "main"                              [_thread_blocked, id=29920, stack(0x0000004f23100000,0x0000004f23200000) (1024K)]
  0x000001ec252ce490 JavaThread "Reference Handler"          daemon [_thread_blocked, id=28488, stack(0x0000004f23500000,0x0000004f23600000) (1024K)]
  0x000001ec3dc3acc0 JavaThread "Finalizer"                  daemon [_thread_blocked, id=13692, stack(0x0000004f23600000,0x0000004f23700000) (1024K)]
  0x000001ec3dc3c250 JavaThread "Signal Dispatcher"          daemon [_thread_blocked, id=16952, stack(0x0000004f23700000,0x0000004f23800000) (1024K)]
  0x000001ec3dc3ccb0 JavaThread "Attach Listener"            daemon [_thread_blocked, id=23948, stack(0x0000004f23800000,0x0000004f23900000) (1024K)]
  0x000001ec3dc3d710 JavaThread "Service Thread"             daemon [_thread_blocked, id=29196, stack(0x0000004f23900000,0x0000004f23a00000) (1024K)]
  0x000001ec3dc3e170 JavaThread "Monitor Deflation Thread"   daemon [_thread_blocked, id=30148, stack(0x0000004f23a00000,0x0000004f23b00000) (1024K)]
  0x000001ec3dc40fc0 JavaThread "C2 CompilerThread0"         daemon [_thread_blocked, id=10416, stack(0x0000004f23b00000,0x0000004f23c00000) (1024K)]
=>0x000001ec00173050 JavaThread "C1 CompilerThread0"         daemon [_thread_in_native, id=15124, stack(0x0000004f23c00000,0x0000004f23d00000) (1024K)]
  0x000001ec003c6d90 JavaThread "Common-Cleaner"             daemon [_thread_blocked, id=25388, stack(0x0000004f23d00000,0x0000004f23e00000) (1024K)]
  0x000001ec004628d0 JavaThread "Notification Thread"        daemon [_thread_blocked, id=19252, stack(0x0000004f23e00000,0x0000004f23f00000) (1024K)]
  0x000001ec01616de0 JavaThread "Active Thread: Equinox Container: e689741c-33dd-4233-b61e-1693965aadfc"        [_thread_blocked, id=29148, stack(0x0000004f24500000,0x0000004f24600000) (1024K)]
  0x000001ec0126a530 JavaThread "Framework Event Dispatcher: Equinox Container: e689741c-33dd-4233-b61e-1693965aadfc" daemon [_thread_blocked, id=26964, stack(0x0000004f24600000,0x0000004f24700000) (1024K)]
  0x000001ec00279f90 JavaThread "Start Level: Equinox Container: e689741c-33dd-4233-b61e-1693965aadfc" daemon [_thread_in_native, id=30668, stack(0x0000004f24700000,0x0000004f24800000) (1024K)]
  0x000001ec001ea340 JavaThread "SCR Component Actor"        daemon [_thread_blocked, id=20836, stack(0x0000004f24900000,0x0000004f24a00000) (1024K)]
  0x000001ec0609ed70 JavaThread "Worker-JM"                         [_thread_blocked, id=22356, stack(0x0000004f24a00000,0x0000004f24b00000) (1024K)]
  0x000001ec06275ba0 JavaThread "Worker-0"                          [_thread_blocked, id=22548, stack(0x0000004f24d00000,0x0000004f24e00000) (1024K)]
  0x000001ec01589f40 JavaThread "Worker-1"                          [_thread_blocked, id=29316, stack(0x0000004f24e00000,0x0000004f24f00000) (1024K)]
Total: 18

Other Threads:
  0x000001ec3dc34120 VMThread "VM Thread"                           [id=13116, stack(0x0000004f23400000,0x0000004f23500000) (1024K)]
  0x000001ec3db2ca00 WatcherThread "VM Periodic Task Thread"        [id=29252, stack(0x0000004f23300000,0x0000004f23400000) (1024K)]
  0x000001ec25233960 WorkerThread "GC Thread#0"                     [id=29924, stack(0x0000004f23200000,0x0000004f23300000) (1024K)]
  0x000001ec01307110 WorkerThread "GC Thread#1"                     [id=29940, stack(0x0000004f23f00000,0x0000004f24000000) (1024K)]
  0x000001ec00479f00 WorkerThread "GC Thread#2"                     [id=2052, stack(0x0000004f24000000,0x0000004f24100000) (1024K)]
  0x000001ec0047a2b0 WorkerThread "GC Thread#3"                     [id=9792, stack(0x0000004f24100000,0x0000004f24200000) (1024K)]
  0x000001ec0047a660 WorkerThread "GC Thread#4"                     [id=26284, stack(0x0000004f24200000,0x0000004f24300000) (1024K)]
  0x000001ec0047aa10 WorkerThread "GC Thread#5"                     [id=30968, stack(0x0000004f24300000,0x0000004f24400000) (1024K)]
  0x000001ec0122c790 WorkerThread "GC Thread#6"                     [id=28624, stack(0x0000004f24400000,0x0000004f24500000) (1024K)]
  0x000001ec011feb60 WorkerThread "GC Thread#7"                     [id=14292, stack(0x0000004f24800000,0x0000004f24900000) (1024K)]
  0x000001ec06205220 WorkerThread "GC Thread#8"                     [id=19900, stack(0x0000004f24b00000,0x0000004f24c00000) (1024K)]
  0x000001ec016818c0 WorkerThread "GC Thread#9"                     [id=18796, stack(0x0000004f24c00000,0x0000004f24d00000) (1024K)]
Total: 12

Threads with active compile tasks:
C2 CompilerThread0  16991 2097       4       java.util.ArrayList::contains (14 bytes)
C1 CompilerThread0  17009 1821       3       java.net.URLStreamHandler::parseURL (1124 bytes)
Total: 2

VM state: not at safepoint (normal execution)

VM Mutex/Monitor currently owned by a thread: None

Heap address: 0x0000000080000000, size: 2048 MB, Compressed Oops mode: 32-bit

CDS archive(s) mapped at: [0x000001ec3e000000-0x000001ec3eba0000-0x000001ec3eba0000), size 12189696, SharedBaseAddress: 0x000001ec3e000000, ArchiveRelocationMode: 1.
Compressed class space mapped at: 0x000001ec3f000000-0x000001ec7f000000, reserved size: 1073741824
Narrow klass base: 0x000001ec3e000000, Narrow klass shift: 0, Narrow klass range: 0x100000000

GC Precious Log:
 CardTable entry size: 512
 CPUs: 12 total, 12 available
 Memory: 7531M
 Large Page Support: Disabled
 NUMA Support: Disabled
 Compressed Oops: Enabled (32-bit)
 Alignments: Space 512K, Generation 512K, Heap 2M
 Heap Min Capacity: 100M
 Heap Initial Capacity: 100M
 Heap Max Capacity: 2G
 Pre-touch: Disabled
 Parallel Workers: 10

Heap:
 PSYoungGen      total 29696K, used 25810K [0x00000000d5580000, 0x00000000d7680000, 0x0000000100000000)
  eden space 25600K, 84% used [0x00000000d5580000,0x00000000d6ab9748,0x00000000d6e80000)
  from space 4096K, 99% used [0x00000000d7280000,0x00000000d767b150,0x00000000d7680000)
  to   space 4096K, 0% used [0x00000000d6e80000,0x00000000d6e80000,0x00000000d7280000)
 ParOldGen       total 68608K, used 5472K [0x0000000080000000, 0x0000000084300000, 0x00000000d5580000)
  object space 68608K, 7% used [0x0000000080000000,0x0000000080558088,0x0000000084300000)
 Metaspace       used 19225K, committed 19840K, reserved 1114112K
  class space    used 1924K, committed 2176K, reserved 1048576K

Card table byte_map: [0x000001ec38f90000,0x000001ec393a0000] _byte_map_base: 0x000001ec38b90000

Marking Bits: (ParMarkBitMap*) 0x00007ffc838a4460
 Begin Bits: [0x000001ec39650000, 0x000001ec3b650000)
 End Bits:   [0x000001ec3b650000, 0x000001ec3d650000)

Polling page: 0x000001ec252d0000

Metaspace:

Usage:
  Non-class:     16.93 MB used.
      Class:      1.89 MB used.
       Both:     18.81 MB used.

Virtual space:
  Non-class space:       64.00 MB reserved,      17.31 MB ( 27%) committed,  1 nodes.
      Class space:        1.00 GB reserved,       2.12 MB ( <1%) committed,  1 nodes.
             Both:        1.06 GB reserved,      19.44 MB (  2%) committed. 

Chunk freelists:
   Non-Class:  14.45 MB
       Class:  13.86 MB
        Both:  28.26 MB

MaxMetaspaceSize: unlimited
CompressedClassSpaceSize: 1.00 GB
Initial GC threshold: 21.00 MB
Current GC threshold: 21.00 MB
CDS: on
 - commit_granule_bytes: 65536.
 - commit_granule_words: 8192.
 - virtual_space_node_default_size: 8388608.
 - enlarge_chunks_in_place: 1.
 - use_allocation_guard: 0.


Internal statistics:

num_allocs_failed_limit: 0.
num_arena_births: 452.
num_arena_deaths: 0.
num_vsnodes_births: 2.
num_vsnodes_deaths: 0.
num_space_committed: 316.
num_space_uncommitted: 0.
num_chunks_returned_to_freelist: 0.
num_chunks_taken_from_freelist: 1160.
num_chunk_merges: 0.
num_chunk_splits: 767.
num_chunks_enlarged: 527.
num_inconsistent_stats: 0.

CodeHeap 'non-profiled nmethods': size=120000Kb used=1007Kb max_used=1007Kb free=118992Kb
 bounds [0x000001ec31880000, 0x000001ec31af0000, 0x000001ec38db0000]
CodeHeap 'profiled nmethods': size=120000Kb used=3309Kb max_used=3309Kb free=116691Kb
 bounds [0x000001ec29db0000, 0x000001ec2a0f0000, 0x000001ec312e0000]
CodeHeap 'non-nmethods': size=5760Kb used=1302Kb max_used=1314Kb free=4458Kb
 bounds [0x000001ec312e0000, 0x000001ec31550000, 0x000001ec31880000]
CodeCache: size=245760Kb, used=5618Kb, max_used=5630Kb, free=240141Kb
 total_blobs=2560, nmethods=1977, adapters=489, full_count=0
Compilation: enabled, stopped_count=0, restarted_count=0

Compilation events (20 events):
Event: 8.806 Thread 0x000001ec00173050 nmethod 1812 0x000001ec2a0e3490 code [0x000001ec2a0e3660, 0x000001ec2a0e39d8]
Event: 8.808 Thread 0x000001ec00173050 1813       1       org.eclipse.osgi.internal.loader.EquinoxClassLoader::getGeneration (5 bytes)
Event: 8.809 Thread 0x000001ec00173050 nmethod 1813 0x000001ec3193e810 code [0x000001ec3193e9a0, 0x000001ec3193ea68]
Event: 8.809 Thread 0x000001ec00173050 1814       1       org.eclipse.osgi.internal.hookregistry.ClassLoaderHook::getClassPathEntries (2 bytes)
Event: 8.809 Thread 0x000001ec00173050 nmethod 1814 0x000001ec3193eb10 code [0x000001ec3193eca0, 0x000001ec3193ed70]
Event: 8.815 Thread 0x000001ec00173050 1815       1       org.eclipse.osgi.container.ModuleRevision::getVersion (5 bytes)
Event: 8.816 Thread 0x000001ec00173050 nmethod 1815 0x000001ec3193ee10 code [0x000001ec3193efa0, 0x000001ec3193f068]
Event: 8.817 Thread 0x000001ec00173050 1816   !   3       java.util.concurrent.ConcurrentHashMap::replaceNode (437 bytes)
Event: 8.819 Thread 0x000001ec00173050 nmethod 1816 0x000001ec2a0e3b90 code [0x000001ec2a0e3f00, 0x000001ec2a0e55d8]
Event: 8.819 Thread 0x000001ec00173050 1817       3       java.util.concurrent.ConcurrentHashMap::remove (8 bytes)
Event: 8.819 Thread 0x000001ec00173050 nmethod 1817 0x000001ec2a0e6290 code [0x000001ec2a0e6440, 0x000001ec2a0e6590]
Event: 8.823 Thread 0x000001ec00173050 1818   !   3       org.eclipse.osgi.internal.loader.BundleLoader::getModuleClassLoader (203 bytes)
Event: 8.825 Thread 0x000001ec00173050 nmethod 1818 0x000001ec2a0e6610 code [0x000001ec2a0e69a0, 0x000001ec2a0e7ec8]
Event: 8.900 Thread 0x000001ec00173050 1819       3       java.lang.invoke.MethodHandles$Lookup::in (283 bytes)
Event: 8.902 Thread 0x000001ec00173050 nmethod 1819 0x000001ec2a0e8a10 code [0x000001ec2a0e8e20, 0x000001ec2a0ea6f0]
Event: 8.902 Thread 0x000001ec00173050 1820       3       sun.net.www.protocol.file.Handler::parseURL (18 bytes)
Event: 8.902 Thread 0x000001ec00173050 nmethod 1820 0x000001ec2a0eaf90 code [0x000001ec2a0eb140, 0x000001ec2a0eb300]
Event: 8.902 Thread 0x000001ec00173050 1821       3       java.net.URLStreamHandler::parseURL (1124 bytes)
Event: 8.904 Thread 0x000001ec3dc40fc0 1827       4       java.util.concurrent.ConcurrentHashMap::get (162 bytes)
Event: 8.908 Thread 0x000001ec3dc40fc0 nmethod 1827 0x000001ec3193f110 code [0x000001ec3193f2c0, 0x000001ec3193f5c8]

GC Heap History (4 events):
Event: 1.937 GC heap before
{Heap before GC invocations=1 (full 0):
 PSYoungGen      total 29696K, used 25600K [0x00000000d5580000, 0x00000000d7680000, 0x0000000100000000)
  eden space 25600K, 100% used [0x00000000d5580000,0x00000000d6e80000,0x00000000d6e80000)
  from space 4096K, 0% used [0x00000000d7280000,0x00000000d7280000,0x00000000d7680000)
  to   space 4096K, 0% used [0x00000000d6e80000,0x00000000d6e80000,0x00000000d7280000)
 ParOldGen       total 68608K, used 0K [0x0000000080000000, 0x0000000084300000, 0x00000000d5580000)
  object space 68608K, 0% used [0x0000000080000000,0x0000000080000000,0x0000000084300000)
 Metaspace       used 4366K, committed 4608K, reserved 1114112K
  class space    used 475K, committed 576K, reserved 1048576K
}
Event: 1.949 GC heap after
{Heap after GC invocations=1 (full 0):
 PSYoungGen      total 29696K, used 3271K [0x00000000d5580000, 0x00000000d7680000, 0x0000000100000000)
  eden space 25600K, 0% used [0x00000000d5580000,0x00000000d5580000,0x00000000d6e80000)
  from space 4096K, 79% used [0x00000000d6e80000,0x00000000d71b1e98,0x00000000d7280000)
  to   space 4096K, 0% used [0x00000000d7280000,0x00000000d7280000,0x00000000d7680000)
 ParOldGen       total 68608K, used 16K [0x0000000080000000, 0x0000000084300000, 0x00000000d5580000)
  object space 68608K, 0% used [0x0000000080000000,0x0000000080004000,0x0000000084300000)
 Metaspace       used 4366K, committed 4608K, reserved 1114112K
  class space    used 475K, committed 576K, reserved 1048576K
}
Event: 8.617 GC heap before
{Heap before GC invocations=2 (full 0):
 PSYoungGen      total 29696K, used 28871K [0x00000000d5580000, 0x00000000d7680000, 0x0000000100000000)
  eden space 25600K, 100% used [0x00000000d5580000,0x00000000d6e80000,0x00000000d6e80000)
  from space 4096K, 79% used [0x00000000d6e80000,0x00000000d71b1e98,0x00000000d7280000)
  to   space 4096K, 0% used [0x00000000d7280000,0x00000000d7280000,0x00000000d7680000)
 ParOldGen       total 68608K, used 16K [0x0000000080000000, 0x0000000084300000, 0x00000000d5580000)
  object space 68608K, 0% used [0x0000000080000000,0x0000000080004000,0x0000000084300000)
 Metaspace       used 8211K, committed 8512K, reserved 1114112K
  class space    used 873K, committed 1024K, reserved 1048576K
}
Event: 8.625 GC heap after
{Heap after GC invocations=2 (full 0):
 PSYoungGen      total 29696K, used 4071K [0x00000000d5580000, 0x00000000d7680000, 0x0000000100000000)
  eden space 25600K, 0% used [0x00000000d5580000,0x00000000d5580000,0x00000000d6e80000)
  from space 4096K, 99% used [0x00000000d7280000,0x00000000d7679e98,0x00000000d7680000)
  to   space 4096K, 0% used [0x00000000d6e80000,0x00000000d6e80000,0x00000000d7280000)
 ParOldGen       total 68608K, used 1062K [0x0000000080000000, 0x0000000084300000, 0x00000000d5580000)
  object space 68608K, 1% used [0x0000000080000000,0x0000000080109830,0x0000000084300000)
 Metaspace       used 8211K, committed 8512K, reserved 1114112K
  class space    used 873K, committed 1024K, reserved 1048576K
}

Dll operation events (9 events):
Event: 0.050 Loaded shared library c:\Users\josuemorais\.vscode\extensions\redhat.java-1.55.0-win32-x64\jre\21.0.11-win32-x86_64\bin\java.dll
Event: 0.189 Loaded shared library c:\Users\josuemorais\.vscode\extensions\redhat.java-1.55.0-win32-x64\jre\21.0.11-win32-x86_64\bin\zip.dll
Event: 0.237 Loaded shared library C:\Users\josuemorais\.vscode\extensions\redhat.java-1.55.0-win32-x64\jre\21.0.11-win32-x86_64\bin\instrument.dll
Event: 0.247 Loaded shared library C:\Users\josuemorais\.vscode\extensions\redhat.java-1.55.0-win32-x64\jre\21.0.11-win32-x86_64\bin\net.dll
Event: 0.251 Loaded shared library C:\Users\josuemorais\.vscode\extensions\redhat.java-1.55.0-win32-x64\jre\21.0.11-win32-x86_64\bin\nio.dll
Event: 0.256 Loaded shared library C:\Users\josuemorais\.vscode\extensions\redhat.java-1.55.0-win32-x64\jre\21.0.11-win32-x86_64\bin\zip.dll
Event: 0.304 Loaded shared library C:\Users\josuemorais\.vscode\extensions\redhat.java-1.55.0-win32-x64\jre\21.0.11-win32-x86_64\bin\jimage.dll
Event: 0.412 Loaded shared library c:\Users\josuemorais\.vscode\extensions\redhat.java-1.55.0-win32-x64\jre\21.0.11-win32-x86_64\bin\verify.dll
Event: 8.493 Loaded shared library C:\Users\josuemorais\AppData\Roaming\Code\User\globalStorage\redhat.java\1.55.0\config_ss_win\org.eclipse.equinox.launcher\org.eclipse.equinox.launcher.win32.win32.x86_64_1.3.100.v20260613-0559\eclipse_11924.dll

Deoptimization events (20 events):
Event: 6.296 Thread 0x000001ec25214670 Uncommon trap: trap_request=0xffffffde fr.pc=0x000001ec318e7578 relative=0x0000000000000918
Event: 6.296 Thread 0x000001ec25214670 Uncommon trap: reason=class_check action=maybe_recompile pc=0x000001ec318e7578 method=java.util.HashMap.putVal(ILjava/lang/Object;Ljava/lang/Object;ZZ)Ljava/lang/Object; @ 253 c2
Event: 6.296 Thread 0x000001ec25214670 DEOPT PACKING pc=0x000001ec318e7578 sp=0x0000004f231fe620
Event: 6.296 Thread 0x000001ec25214670 DEOPT UNPACKING pc=0x000001ec31333aa2 sp=0x0000004f231fe5e0 mode 2
Event: 7.514 Thread 0x000001ec25214670 DEOPT PACKING pc=0x000001ec29f30a08 sp=0x0000004f231fc970
Event: 7.514 Thread 0x000001ec25214670 DEOPT UNPACKING pc=0x000001ec31334242 sp=0x0000004f231fbdf0 mode 0
Event: 7.515 Thread 0x000001ec25214670 DEOPT PACKING pc=0x000001ec29f30a08 sp=0x0000004f231fcc80
Event: 7.516 Thread 0x000001ec25214670 DEOPT UNPACKING pc=0x000001ec31334242 sp=0x0000004f231fc100 mode 0
Event: 7.517 Thread 0x000001ec25214670 DEOPT PACKING pc=0x000001ec29f30a08 sp=0x0000004f231fcbd0
Event: 7.517 Thread 0x000001ec25214670 DEOPT UNPACKING pc=0x000001ec31334242 sp=0x0000004f231fc050 mode 0
Event: 7.518 Thread 0x000001ec25214670 DEOPT PACKING pc=0x000001ec29f30a08 sp=0x0000004f231fced0
Event: 7.518 Thread 0x000001ec25214670 DEOPT UNPACKING pc=0x000001ec31334242 sp=0x0000004f231fc350 mode 0
Event: 8.497 Thread 0x000001ec00279f90 Uncommon trap: trap_request=0xffffff6e fr.pc=0x000001ec318eda28 relative=0x0000000000000368
Event: 8.497 Thread 0x000001ec00279f90 Uncommon trap: reason=loop_limit_check action=maybe_recompile pc=0x000001ec318eda28 method=java.lang.StringLatin1.indexOf([BI[BII)I @ 37 c2
Event: 8.497 Thread 0x000001ec00279f90 DEOPT PACKING pc=0x000001ec318eda28 sp=0x0000004f247f8c40
Event: 8.497 Thread 0x000001ec00279f90 DEOPT UNPACKING pc=0x000001ec31333aa2 sp=0x0000004f247f8ba0 mode 2
Event: 8.553 Thread 0x000001ec25214670 Uncommon trap: trap_request=0xffffff45 fr.pc=0x000001ec318fd5e0 relative=0x0000000000000040
Event: 8.553 Thread 0x000001ec25214670 Uncommon trap: reason=unstable_if action=reinterpret pc=0x000001ec318fd5e0 method=java.util.concurrent.locks.AbstractQueuedSynchronizer.signalNext(Ljava/util/concurrent/locks/AbstractQueuedSynchronizer$Node;)V @ 1 c2
Event: 8.553 Thread 0x000001ec25214670 DEOPT PACKING pc=0x000001ec318fd5e0 sp=0x0000004f231fee30
Event: 8.554 Thread 0x000001ec25214670 DEOPT UNPACKING pc=0x000001ec31333aa2 sp=0x0000004f231fedc8 mode 2

Classes loaded (20 events):
Event: 7.631 Loading class java/lang/Thread$Builder$OfVirtual
Event: 7.631 Loading class java/lang/Thread$Builder$OfVirtual done
Event: 8.145 Loading class sun/nio/fs/WindowsChannelFactory
Event: 8.147 Loading class sun/nio/fs/WindowsChannelFactory done
Event: 8.147 Loading class sun/nio/fs/WindowsChannelFactory$1
Event: 8.147 Loading class sun/nio/fs/WindowsChannelFactory$1 done
Event: 8.147 Loading class sun/nio/fs/WindowsChannelFactory$Flags
Event: 8.147 Loading class sun/nio/fs/WindowsChannelFactory$Flags done
Event: 8.148 Loading class sun/nio/ch/FileChannelImpl$Closer
Event: 8.148 Loading class sun/nio/ch/FileChannelImpl$Closer done
Event: 8.320 Loading class java/util/concurrent/CountDownLatch
Event: 8.392 Loading class java/util/concurrent/CountDownLatch done
Event: 8.393 Loading class java/util/concurrent/CountDownLatch$Sync
Event: 8.393 Loading class java/util/concurrent/CountDownLatch$Sync done
Event: 8.494 Loading class java/util/concurrent/locks/AbstractQueuedSynchronizer$SharedNode
Event: 8.494 Loading class java/util/concurrent/locks/AbstractQueuedSynchronizer$SharedNode done
Event: 8.597 Loading class java/lang/IllegalAccessError
Event: 8.597 Loading class java/lang/IllegalAccessError done
Event: 8.725 Loading class java/util/MissingResourceException
Event: 8.725 Loading class java/util/MissingResourceException done

Classes unloaded (0 events):
No events

Classes redefined (0 events):
No events

Internal exceptions (20 events):
Event: 1.736 Thread 0x000001ec25214670 Exception <a 'java/lang/NoSuchMethodError'{0x00000000d6a66980}: 'java.lang.ClassLoader java.lang.ClassLoader.getPlatformClassLoader(java.lang.Class)'> (0x00000000d6a66980) 
thrown [s\src\hotspot\share\interpreter\linkResolver.cpp, line 773]
Event: 1.952 Thread 0x000001ec25214670 Exception <a 'java/lang/ClassNotFoundException'{0x00000000d5585930}: sun/net/www/protocol/c/Handler> (0x00000000d5585930) 
thrown [s\src\hotspot\share\classfile\systemDictionary.cpp, line 313]
Event: 1.952 Thread 0x000001ec25214670 Exception <a 'java/lang/ClassNotFoundException'{0x00000000d5586d50}: sun/net/www/protocol/g/Handler> (0x00000000d5586d50) 
thrown [s\src\hotspot\share\classfile\systemDictionary.cpp, line 313]
Event: 1.955 Thread 0x000001ec25214670 Exception <a 'java/lang/ClassNotFoundException'{0x00000000d5587fd8}: sun/net/www/protocol/c/Handler> (0x00000000d5587fd8) 
thrown [s\src\hotspot\share\classfile\systemDictionary.cpp, line 313]
Event: 2.043 Thread 0x000001ec25214670 Exception <a 'java/io/FileNotFoundException'{0x00000000d55b0028}> (0x00000000d55b0028) 
thrown [s\src\hotspot\share\prims\jni.cpp, line 520]
Event: 2.246 Thread 0x000001ec25214670 Implicit null exception at 0x000001ec318d5ac9 to 0x000001ec318d6434
Event: 2.246 Thread 0x000001ec25214670 Implicit null exception at 0x000001ec318ea11a to 0x000001ec318ea320
Event: 2.247 Thread 0x000001ec25214670 Exception <a 'java/lang/NoSuchMethodError'{0x00000000d56e1f00}: 'void java.lang.invoke.DirectMethodHandle$Holder.invokeStatic(java.lang.Object, java.lang.Object, java.lang.Object, java.lang.Object)'> (0x00000000d56e1f00) 
thrown [s\src\hotspot\share\interpreter\linkResolver.cpp, line 773]
Event: 2.250 Thread 0x000001ec25214670 Implicit null exception at 0x000001ec318ddb1a to 0x000001ec318ddd24
Event: 2.251 Thread 0x000001ec25214670 Implicit null exception at 0x000001ec318d993d to 0x000001ec318d99c1
Event: 2.698 Thread 0x000001ec25214670 Exception <a 'java/lang/NoSuchMethodError'{0x00000000d59a55d0}: 'void java.lang.invoke.DirectMethodHandle$Holder.invokeSpecial(java.lang.Object, java.lang.Object, java.lang.Object)'> (0x00000000d59a55d0) 
thrown [s\src\hotspot\share\interpreter\linkResolver.cpp, line 773]
Event: 5.411 Thread 0x000001ec25214670 Exception <a 'java/lang/NoSuchMethodError'{0x00000000d62a5088}: 'int java.lang.invoke.DirectMethodHandle$Holder.invokeVirtual(java.lang.Object, java.lang.Object)'> (0x00000000d62a5088) 
thrown [s\src\hotspot\share\interpreter\linkResolver.cpp, line 773]
Event: 5.642 Thread 0x000001ec25214670 Exception <a 'java/lang/NoSuchMethodError'{0x00000000d642a130}: 'int java.lang.invoke.DirectMethodHandle$Holder.invokeStaticInit(java.lang.Object, java.lang.Object, java.lang.Object, java.lang.Object)'> (0x00000000d642a130) 
thrown [s\src\hotspot\share\interpreter\linkResolver.cpp, line 773]
Event: 5.645 Thread 0x000001ec25214670 Exception <a 'java/lang/IncompatibleClassChangeError'{0x00000000d6432818}: Found class java.lang.Object, but interface was expected> (0x00000000d6432818) 
thrown [s\src\hotspot\share\interpreter\linkResolver.cpp, line 840]
Event: 5.648 Thread 0x000001ec25214670 Exception <a 'java/lang/NoSuchMethodError'{0x00000000d6438da8}: 'void java.lang.invoke.DirectMethodHandle$Holder.invokeStaticInit(java.lang.Object, java.lang.Object)'> (0x00000000d6438da8) 
thrown [s\src\hotspot\share\interpreter\linkResolver.cpp, line 773]
Event: 5.650 Thread 0x000001ec25214670 Exception <a 'java/lang/NoSuchMethodError'{0x00000000d64421a0}: 'int java.lang.invoke.DirectMethodHandle$Holder.invokeStaticInit(java.lang.Object, java.lang.Object)'> (0x00000000d64421a0) 
thrown [s\src\hotspot\share\interpreter\linkResolver.cpp, line 773]
Event: 5.965 Thread 0x000001ec25214670 Exception <a 'java/lang/NoSuchMethodError'{0x00000000d668b4e0}: 'java.lang.Object java.lang.invoke.DirectMethodHandle$Holder.newInvokeSpecial(java.lang.Object, int, java.lang.Object)'> (0x00000000d668b4e0) 
thrown [s\src\hotspot\share\interpreter\linkResolver.cpp, line 773]
Event: 6.878 Thread 0x000001ec25214670 Exception <a 'java/lang/ClassNotFoundException'{0x00000000d68acc78}: sun/net/www/protocol/plurl/Handler> (0x00000000d68acc78) 
thrown [s\src\hotspot\share\classfile\systemDictionary.cpp, line 313]
Event: 6.878 Thread 0x000001ec25214670 Exception <a 'java/lang/ClassNotFoundException'{0x00000000d68adaf8}: sun/net/www/protocol/plurl/Handler> (0x00000000d68adaf8) 
thrown [s\src\hotspot\share\classfile\systemDictionary.cpp, line 313]
Event: 8.319 Thread 0x000001ec25214670 Exception <a 'java/lang/UnsatisfiedLinkError'{0x00000000d6ce34f0}: 'void org.eclipse.equinox.launcher.JNIBridge._update_splash()'> (0x00000000d6ce34f0) 
thrown [s\src\hotspot\share\prims\nativeLookup.cpp, line 415]

ZGC Phase Switch (0 events):
No events

VM Operations (20 events):
Event: 3.951 Executing safepoint VM operation: Cleanup
Event: 3.951 Executing safepoint VM operation: Cleanup done
Event: 4.966 Executing safepoint VM operation: Cleanup
Event: 4.966 Executing safepoint VM operation: Cleanup done
Event: 5.761 Executing non-safepoint VM operation: HandshakeAllThreads (Deoptimize)
Event: 5.774 Executing non-safepoint VM operation: HandshakeAllThreads (Deoptimize) done
Event: 5.856 Executing non-safepoint VM operation: HandshakeAllThreads (Deoptimize)
Event: 5.856 Executing non-safepoint VM operation: HandshakeAllThreads (Deoptimize) done
Event: 6.636 Executing non-safepoint VM operation: HandshakeAllThreads (Deoptimize)
Event: 6.636 Executing non-safepoint VM operation: HandshakeAllThreads (Deoptimize) done
Event: 6.636 Executing safepoint VM operation: Cleanup
Event: 6.636 Executing safepoint VM operation: Cleanup done
Event: 6.817 Executing non-safepoint VM operation: HandshakeAllThreads (Deoptimize)
Event: 6.817 Executing non-safepoint VM operation: HandshakeAllThreads (Deoptimize) done
Event: 7.824 Executing safepoint VM operation: Cleanup
Event: 7.824 Executing safepoint VM operation: Cleanup done
Event: 8.617 Executing safepoint VM operation: ParallelGCFailedAllocation (Allocation Failure)
Event: 8.625 Executing safepoint VM operation: ParallelGCFailedAllocation (Allocation Failure) done
Event: 9.634 Executing safepoint VM operation: Cleanup
Event: 9.635 Executing safepoint VM operation: Cleanup done

Memory protections (0 events):
No events

Nmethod flushes (0 events):
No events

Events (15 events):
Event: 0.072 Thread 0x000001ec25214670 Thread added: 0x000001ec25214670
Event: 0.101 Thread 0x000001ec25214670 Thread added: 0x000001ec252ce490
Event: 0.102 Thread 0x000001ec25214670 Thread added: 0x000001ec3dc3acc0
Event: 0.102 Thread 0x000001ec25214670 Thread added: 0x000001ec3dc3c250
Event: 0.102 Thread 0x000001ec25214670 Thread added: 0x000001ec3dc3ccb0
Event: 0.102 Thread 0x000001ec25214670 Thread added: 0x000001ec3dc3d710
Event: 0.102 Thread 0x000001ec25214670 Thread added: 0x000001ec3dc3e170
Event: 0.102 Thread 0x000001ec25214670 Thread added: 0x000001ec3dc40fc0
Event: 0.104 Thread 0x000001ec25214670 Thread added: 0x000001ec00173050
Event: 0.242 Thread 0x000001ec25214670 Thread added: 0x000001ec003c6d90
Event: 0.545 Thread 0x000001ec25214670 Thread added: 0x000001ec004628d0
Event: 5.747 Thread 0x000001ec25214670 Thread added: 0x000001ec01616de0
Event: 8.261 Thread 0x000001ec25214670 Thread added: 0x000001ec0126a530
Event: 8.314 Thread 0x000001ec25214670 Thread added: 0x000001ec00279f90
Event: 8.713 Thread 0x000001ec00279f90 Thread added: 0x000001ec001ea340


Dynamic libraries:
0x00007ff687510000 - 0x00007ff68751e000 	c:\Users\josuemorais\.vscode\extensions\redhat.java-1.55.0-win32-x64\jre\21.0.11-win32-x86_64\bin\java.exe
0x00007ffd3bec0000 - 0x00007ffd3c126000 	C:\WINDOWS\SYSTEM32\ntdll.dll
0x00007ffd3a610000 - 0x00007ffd3a6d9000 	C:\WINDOWS\System32\KERNEL32.DLL
0x00007ffd39480000 - 0x00007ffd39880000 	C:\WINDOWS\System32\KERNELBASE.dll
0x00007ffd39260000 - 0x00007ffd393ac000 	C:\WINDOWS\System32\ucrtbase.dll
0x00007ffd17c00000 - 0x00007ffd17c18000 	c:\Users\josuemorais\.vscode\extensions\redhat.java-1.55.0-win32-x64\jre\21.0.11-win32-x86_64\bin\jli.dll
0x00007ffd3a7f0000 - 0x00007ffd3a9b7000 	C:\WINDOWS\System32\USER32.dll
0x00007ffd39450000 - 0x00007ffd39477000 	C:\WINDOWS\System32\win32u.dll
0x00007ffd3b180000 - 0x00007ffd3b1ab000 	C:\WINDOWS\System32\GDI32.dll
0x00007ffd39a00000 - 0x00007ffd39b29000 	C:\WINDOWS\System32\gdi32full.dll
0x00007ffd39890000 - 0x00007ffd39933000 	C:\WINDOWS\System32\msvcp_win.dll
0x00007ffd126c0000 - 0x00007ffd126de000 	c:\Users\josuemorais\.vscode\extensions\redhat.java-1.55.0-win32-x64\jre\21.0.11-win32-x86_64\bin\VCRUNTIME140.dll
0x00007ffd2a670000 - 0x00007ffd2a902000 	C:\WINDOWS\WinSxS\amd64_microsoft.windows.common-controls_6595b64144ccf1df_6.0.26100.8737_none_3e092eaee333b772\COMCTL32.dll
0x00007ffd39cf0000 - 0x00007ffd39d99000 	C:\WINDOWS\System32\msvcrt.dll
0x00007ffd3a6e0000 - 0x00007ffd3a712000 	C:\WINDOWS\System32\IMM32.DLL
0x00007ffd28940000 - 0x00007ffd2894c000 	c:\Users\josuemorais\.vscode\extensions\redhat.java-1.55.0-win32-x64\jre\21.0.11-win32-x86_64\bin\vcruntime140_1.dll
0x00007ffd09390000 - 0x00007ffd0941d000 	c:\Users\josuemorais\.vscode\extensions\redhat.java-1.55.0-win32-x64\jre\21.0.11-win32-x86_64\bin\msvcp140.dll
0x00007ffc82be0000 - 0x00007ffc83982000 	c:\Users\josuemorais\.vscode\extensions\redhat.java-1.55.0-win32-x64\jre\21.0.11-win32-x86_64\bin\server\jvm.dll
0x00007ffd3b1b0000 - 0x00007ffd3b267000 	C:\WINDOWS\System32\ADVAPI32.dll
0x00007ffd3a1b0000 - 0x00007ffd3a25a000 	C:\WINDOWS\System32\sechost.dll
0x00007ffd3b270000 - 0x00007ffd3b388000 	C:\WINDOWS\System32\RPCRT4.dll
0x00007ffd3a260000 - 0x00007ffd3a2e0000 	C:\WINDOWS\System32\WS2_32.dll
0x00007ffd38f40000 - 0x00007ffd38f9e000 	C:\WINDOWS\SYSTEM32\POWRPROF.dll
0x00007ffd32400000 - 0x00007ffd32436000 	C:\WINDOWS\SYSTEM32\WINMM.dll
0x00007ffd33360000 - 0x00007ffd3336b000 	C:\WINDOWS\SYSTEM32\VERSION.dll
0x00007ffd38f20000 - 0x00007ffd38f34000 	C:\WINDOWS\SYSTEM32\UMPDC.dll
0x00007ffd37c50000 - 0x00007ffd37c6b000 	C:\WINDOWS\SYSTEM32\kernel.appcore.dll
0x00007ffd20950000 - 0x00007ffd2095a000 	c:\Users\josuemorais\.vscode\extensions\redhat.java-1.55.0-win32-x64\jre\21.0.11-win32-x86_64\bin\jimage.dll
0x00007ffd2a920000 - 0x00007ffd2ab62000 	C:\WINDOWS\SYSTEM32\DBGHELP.DLL
0x00007ffd39da0000 - 0x00007ffd3a123000 	C:\WINDOWS\System32\combase.dll
0x00007ffd3bb50000 - 0x00007ffd3bc29000 	C:\WINDOWS\System32\OLEAUT32.dll
0x00007ffd29470000 - 0x00007ffd294ab000 	C:\WINDOWS\SYSTEM32\dbgcore.DLL
0x00007ffd39940000 - 0x00007ffd399ec000 	C:\WINDOWS\System32\bcryptPrimitives.dll
0x00007ffd19950000 - 0x00007ffd1995f000 	c:\Users\josuemorais\.vscode\extensions\redhat.java-1.55.0-win32-x64\jre\21.0.11-win32-x86_64\bin\instrument.dll
0x00007ffd11280000 - 0x00007ffd112a0000 	c:\Users\josuemorais\.vscode\extensions\redhat.java-1.55.0-win32-x64\jre\21.0.11-win32-x86_64\bin\java.dll
0x00007ffd3b3b0000 - 0x00007ffd3bb42000 	C:\WINDOWS\System32\SHELL32.dll
0x00007ffd36810000 - 0x00007ffd370a2000 	C:\WINDOWS\SYSTEM32\windows.storage.dll
0x00007ffd39bf0000 - 0x00007ffd39ce7000 	C:\WINDOWS\System32\SHCORE.dll
0x00007ffd3a780000 - 0x00007ffd3a7e7000 	C:\WINDOWS\System32\shlwapi.dll
0x00007ffd39000000 - 0x00007ffd39029000 	C:\WINDOWS\SYSTEM32\profapi.dll
0x00007ffd11220000 - 0x00007ffd11238000 	c:\Users\josuemorais\.vscode\extensions\redhat.java-1.55.0-win32-x64\jre\21.0.11-win32-x86_64\bin\zip.dll
0x00007ffd20850000 - 0x00007ffd20860000 	C:\Users\josuemorais\.vscode\extensions\redhat.java-1.55.0-win32-x64\jre\21.0.11-win32-x86_64\bin\net.dll
0x00007ffd37c70000 - 0x00007ffd37d99000 	C:\WINDOWS\SYSTEM32\WINHTTP.dll
0x00007ffd38310000 - 0x00007ffd3837c000 	C:\WINDOWS\system32\mswsock.dll
0x00007ffd11200000 - 0x00007ffd11216000 	C:\Users\josuemorais\.vscode\extensions\redhat.java-1.55.0-win32-x64\jre\21.0.11-win32-x86_64\bin\nio.dll
0x00007ffd197c0000 - 0x00007ffd197d0000 	c:\Users\josuemorais\.vscode\extensions\redhat.java-1.55.0-win32-x64\jre\21.0.11-win32-x86_64\bin\verify.dll
0x00007ffcd73c0000 - 0x00007ffcd7405000 	C:\Users\josuemorais\AppData\Roaming\Code\User\globalStorage\redhat.java\1.55.0\config_ss_win\org.eclipse.equinox.launcher\org.eclipse.equinox.launcher.win32.win32.x86_64_1.3.100.v20260613-0559\eclipse_11924.dll
0x00007ffd3afe0000 - 0x00007ffd3b179000 	C:\WINDOWS\System32\ole32.dll
0x00007ffd38740000 - 0x00007ffd3875b000 	C:\WINDOWS\SYSTEM32\CRYPTSP.dll
0x00007ffd37bb0000 - 0x00007ffd37be9000 	C:\WINDOWS\system32\rsaenh.dll
0x00007ffd383d0000 - 0x00007ffd38402000 	C:\WINDOWS\SYSTEM32\USERENV.dll
0x00007ffd38fd0000 - 0x00007ffd38ffa000 	C:\WINDOWS\SYSTEM32\bcrypt.dll
0x00007ffd38580000 - 0x00007ffd3858c000 	C:\WINDOWS\SYSTEM32\CRYPTBASE.dll
0x00007ffd37320000 - 0x00007ffd37353000 	C:\WINDOWS\SYSTEM32\IPHLPAPI.DLL
0x00007ffd3a9c0000 - 0x00007ffd3a9ca000 	C:\WINDOWS\System32\NSI.dll

JVMTI agents:
c:\Users\josuemorais\.vscode\extensions\redhat.java-1.55.0-win32-x64\lombok\lombok-1.18.39-4050.jar path:c:\Users\josuemorais\.vscode\extensions\redhat.java-1.55.0-win32-x64\jre\21.0.11-win32-x86_64\bin\instrument.dll, loaded, initialized, instrumentlib options:none

dbghelp: loaded successfully - version: 4.0.5 - missing functions: none
symbol engine: initialized successfully - sym options: 0x614 - pdb path: .;c:\Users\josuemorais\.vscode\extensions\redhat.java-1.55.0-win32-x64\jre\21.0.11-win32-x86_64\bin;C:\WINDOWS\SYSTEM32;C:\WINDOWS\WinSxS\amd64_microsoft.windows.common-controls_6595b64144ccf1df_6.0.26100.8737_none_3e092eaee333b772;c:\Users\josuemorais\.vscode\extensions\redhat.java-1.55.0-win32-x64\jre\21.0.11-win32-x86_64\bin\server;C:\Users\josuemorais\AppData\Roaming\Code\User\globalStorage\redhat.java\1.55.0\config_ss_win\org.eclipse.equinox.launcher\org.eclipse.equinox.launcher.win32.win32.x86_64_1.3.100.v20260613-0559

VM Arguments:
jvm_args: --add-modules=ALL-SYSTEM --add-opens=java.base/java.util=ALL-UNNAMED --add-opens=java.base/java.lang=ALL-UNNAMED --add-opens=java.base/sun.nio.fs=ALL-UNNAMED -Declipse.application=org.eclipse.jdt.ls.core.id1 -Dosgi.bundles.defaultStartLevel=4 -Declipse.product=org.eclipse.jdt.ls.core.product -Djava.import.generatesMetadataFilesAtProjectRoot=false -DDetectVMInstallationsJob.disabled=true -Dfile.encoding=utf8 -XX:+UseParallelGC -XX:GCTimeRatio=4 -XX:AdaptiveSizePolicyWeight=90 -Dsun.zip.disableMemoryMapping=true -Xmx2G -Xms100m -Xlog:disable -javaagent:c:\Users\josuemorais\.vscode\extensions\redhat.java-1.55.0-win32-x64\lombok\lombok-1.18.39-4050.jar 
java_command: c:\Users\josuemorais\.vscode\extensions\redhat.java-1.55.0-win32-x64\server\plugins\org.eclipse.equinox.launcher_1.7.200.v20260619-2039.jar -configuration c:\Users\josuemorais\AppData\Roaming\Code\User\globalStorage\redhat.java\1.55.0\config_ss_win -data c:\Users\josuemorais\AppData\Roaming\Code\User\workspaceStorage\fe51bd88fe079a47f23f9205c2a0e067\redhat.java\ss_ws --pipe=\\.\pipe\lsp-2b6bd4960d6964c6a96b9804cfd39470-sock
java_class_path (initial): c:\Users\josuemorais\.vscode\extensions\redhat.java-1.55.0-win32-x64\server\plugins\org.eclipse.equinox.launcher_1.7.200.v20260619-2039.jar
Launcher Type: SUN_STANDARD

[Global flags]
    uintx AdaptiveSizePolicyWeight                 = 90                                        {product} {command line}
     intx CICompilerCount                          = 4                                         {product} {ergonomic}
    uintx GCTimeRatio                              = 4                                         {product} {command line}
   size_t InitialHeapSize                          = 104857600                                 {product} {command line}
   size_t MaxHeapSize                              = 2147483648                                {product} {command line}
   size_t MaxNewSize                               = 715653120                                 {product} {ergonomic}
   size_t MinHeapDeltaBytes                        = 524288                                    {product} {ergonomic}
   size_t MinHeapSize                              = 104857600                                 {product} {command line}
   size_t NewSize                                  = 34603008                                  {product} {ergonomic}
    uintx NonNMethodCodeHeapSize                   = 5839372                                {pd product} {ergonomic}
    uintx NonProfiledCodeHeapSize                  = 122909434                              {pd product} {ergonomic}
   size_t OldSize                                  = 70254592                                  {product} {ergonomic}
    uintx ProfiledCodeHeapSize                     = 122909434                              {pd product} {ergonomic}
    uintx ReservedCodeCacheSize                    = 251658240                              {pd product} {ergonomic}
     bool SegmentedCodeCache                       = true                                      {product} {ergonomic}
   size_t SoftMaxHeapSize                          = 2147483648                             {manageable} {ergonomic}
     bool UseCompressedOops                        = true                           {product lp64_product} {ergonomic}
     bool UseLargePagesIndividualAllocation        = false                                  {pd product} {ergonomic}
     bool UseParallelGC                            = true                                      {product} {command line}

Logging:
Log output configuration:
 #0: stdout all=off uptime,level,tags foldmultilines=false
 #1: stderr all=off uptime,level,tags foldmultilines=false

Release file:
JAVA_VERSION="21.0.11" 
MODULES="java.base java.compiler java.datatransfer java.xml java.prefs java.desktop java.instrument java.logging java.management java.security.sasl java.naming java.rmi java.management.rmi java.net.http java.scripting java.security.jgss java.transaction.xa java.sql java.sql.rowset java.xml.crypto java.se java.smartcardio jdk.accessibility jdk.internal.jvmstat jdk.attach jdk.charsets jdk.internal.opt jdk.zipfs jdk.compiler jdk.crypto.ec jdk.crypto.cryptoki jdk.crypto.mscapi jdk.dynalink jdk.internal.ed jdk.editpad jdk.hotspot.agent jdk.httpserver jdk.internal.le jdk.internal.vm.ci jdk.internal.vm.compiler jdk.internal.vm.compiler.management jdk.jartool jdk.javadoc jdk.jcmd jdk.management jdk.management.agent jdk.jconsole jdk.jdeps jdk.jdwp.agent jdk.jdi jdk.jfr jdk.jshell jdk.jsobject jdk.jstatd jdk.localedata jdk.management.jfr jdk.naming.dns jdk.naming.rmi jdk.net jdk.nio.mapmode jdk.random jdk.sctp jdk.security.auth jdk.security.jgss jdk.unsupported jdk.unsupported.desktop jdk.xml.dom" 

Environment Variables:
JAVA_HOME=C:\Program Files\Microsoft\jdk-11.0.18.10-hotspot\
PATH=C:\Program Files\Microsoft\jdk-11.0.18.10-hotspot\bin;C:\WINDOWS;C:\WINDOWS\system32;C:\WINDOWS\System32\Wbem;C:\WINDOWS\System32\WindowsPowerShell\v1.0\;C:\Program Files\Python312\;C:\Program Files\Python312\Scripts\;C:\Users\josuemorais\AppData\Roaming\Python\Python312\Scripts;C:\Program Files\Common Files\Oracle\Java\javapath;C:\Program Files\dotnet\;C:\WINDOWS\System32\OpenSSH\;C:\Program Files (x86)\ININDUFU;C:\Program Files (x86)\ININDUFU\SimulIDE_1.0.0-SR2_Win64\;C:\Program Files (x86)\ININDUFU\openocd-esp32\bin;C:\Program Files (x86)\com0com\;c:\FlutterSDK\flutter\bin;c:\FlutterSDK\AndroidSDK_9477386\platform-tools;C:\Program Files\Dart\dart-sdk\bin;C:\Program Files\Git\cmd;C:\Program Files\nodejs\;C:\ProgramData\chocolatey\bin;C:\Strawberry\c\bin;C:\Strawberry\perl\site\bin;C:\Strawberry\perl\bin;C:\Program Files\MiKTeX\miktex\bin\x64\;C:\Program Files (x86)\Microsoft Visual Studio\2022\BuildTools\VC\Tools\MSVC\14.43.34808\bin\Hostx64\x64;C:\ProgramData\chocolatey\lib\dependencywalker\content;C:\Program Files\usbipd-win\;C:\Program Files (x86)\CODESYS\APInstaller\;C:\Program Files\Blender Foundation\Blender 5.1;C:\Program Files\GitHub CLI\;C:\Users\josuemorais\.platformio\penv\Scripts\;C:\Users\josuemorais\AppData\Local\Microsoft\WindowsApps;;C:\Users\josuemorais\AppData\Local\Programs\Microsoft VS Code\bin;C:\Users\josuemorais\AppData\Roaming\npm;C:\texlive\2025\bin\windows;C:\Users\josuemorais\.dotnet\tools
USERNAME=josuemorais
OS=Windows_NT
PROCESSOR_IDENTIFIER=AMD64 Family 25 Model 80 Stepping 0, AuthenticAMD
TMP=C:\Users\JOSUEM~1\AppData\Local\Temp
TEMP=C:\Users\JOSUEM~1\AppData\Local\Temp




Periodic native trim disabled

---------------  S Y S T E M  ---------------

OS:
 Windows 11 , 64 bit Build 26100 (10.0.26100.8737)
OS uptime: 13 days 18:09 hours
Hyper-V role detected

CPU: total 12 (initial active 12) (12 cores per cpu, 2 threads per core) family 25 model 80 stepping 0 microcode 0xa500011, cx8, cmov, fxsr, ht, mmx, 3dnowpref, sse, sse2, sse3, ssse3, sse4a, sse4.1, sse4.2, popcnt, lzcnt, tsc, tscinvbit, avx, avx2, aes, erms, clmul, bmi1, bmi2, adx, sha, fma, vzeroupper, clflush, clflushopt, hv, rdtscp, rdpid, fsrm, f16c, cet_ss
Processor Information for the first 12 processors :
  Max Mhz: 3901, Current Mhz: 3901, Mhz Limit: 3901

Memory: 4k page, system-wide physical 7531M (148M free)
TotalPageFile size 31083M (AvailPageFile size 241M)
current process WorkingSet (physical memory assigned to process): 125M, peak: 125M
current process commit charge ("private bytes"): 276M, peak: 277M

vm_info: OpenJDK 64-Bit Server VM (21.0.11+10-LTS) for windows-amd64 JRE (21.0.11+10-LTS), built on 2026-04-21T00:00:00Z by "admin" with MS VC++ 17.12 (VS2022)

END.
